
Started Import Process
# System Details: 
Debug Mode 		: Disabled
Operating System 	: Darwin
Software 		: nginx/1.27.2
MySQL version 		: 5.7.44
XML Reader 		: Yes
PHP Version 		: 8.2.27
PHP Max Input Vars 	: 1000
PHP Max Post Size 	: 512M
PHP Extension GD 	: Yes
PHP Max Execution Time 	: 30
Max Upload Size 	: 512 MB
Memory Limit 		: Current memory limit 40M. We recommend setting memory to at least 64M.
Timezone 		: -5

-----

Importing Started! - 00:24:46 UTC
---

WHY IMPORT PROCESS CAN FAIL? READ THIS - 
https://wpastra.com/docs/?p=1314&utm_source=demo-import-panel&utm_campaign=import-error&utm_medium=wp-dashboard

---

Inserted WP Form 8
Batch Process Started..
Starter Templates - Importing Images for Blog name 'Tutorial Web' (1)